<?xml version="1.0" encoding="UTF-8" standalone="yes"?><!DOCTYPE report PUBLIC "-//JACOCO//DTD Report 1.1//EN" "report.dtd"><report name="junit"><sessioninfo id="KGISL032-93602c6a" start="1702286521055" dump="1702286521776"/><sessioninfo id="KGISL032-29ca1f74" start="1702286552675" dump="1702286553391"/><sessioninfo id="KGISL032-8b47f61e" start="1702287158989" dump="1702287159695"/><sessioninfo id="KGISL032-c5a049c7" start="1702287311641" dump="1702287312366"/><sessioninfo id="KGISL032-27dd980c" start="1702287375395" dump="1702287376138"/><sessioninfo id="KGISL032-ed7c8545" start="1702287443450" dump="1702287444142"/><sessioninfo id="KGISL032-dd5c149b" start="1702287513751" dump="1702287514472"/><sessioninfo id="KGISL032-b4158645" start="1702287681813" dump="1702287682533"/><sessioninfo id="KGISL032-92c8e852" start="1702287717409" dump="1702287718103"/><sessioninfo id="KGISL032-8c039c4b" start="1702287838474" dump="1702287839181"/><sessioninfo id="KGISL032-3eb9df09" start="1702287938555" dump="1702287939298"/><sessioninfo id="KGISL032-9f285f83" start="1702287976867" dump="1702287977590"/><sessioninfo id="KGISL032-88466c64" start="1702288013490" dump="1702288014238"/><sessioninfo id="KGISL032-45b3fe4e" start="1702288074187" dump="1702288074918"/><sessioninfo id="KGISL032-31600c53" start="1702288112000" dump="1702288112732"/><sessioninfo id="KGISL032-1f7a53bb" start="1702288624083" dump="1702288624814"/><sessioninfo id="KGISL032-8e4520b" start="1702288696603" dump="1702288697307"/><sessioninfo id="KGISL032-6c19cbe" start="1702288720771" dump="1702288721468"/><sessioninfo id="KGISL032-1ae68d22" start="1702288743608" dump="1702288744305"/><sessioninfo id="KGISL032-fdff6361" start="1702288799698" dump="1702288800395"/><sessioninfo id="KGISL032-3ced840a" start="1702288863072" dump="1702288863783"/><sessioninfo id="KGISL032-7d12610a" start="1702288936215" dump="1702288936920"/><sessioninfo id="KGISL032-56d7d2fb" start="1702289034306" dump="1702289035039"/><sessioninfo id="KGISL032-e32701" start="1702292849416" dump="1702292850142"/><sessioninfo id="KGISL032-18853e44" start="1702293319102" dump="1702293319819"/><package name="com/KGiSL/junit"><class name="com/KGiSL/junit/Calculator" sourcefilename="Calculator.java"><method name="&lt;init&gt;" desc="()V" line="3"><counter type="INSTRUCTION" missed="0" covered="3"/><counter type="LINE" missed="0" covered="1"/><counter type="COMPLEXITY" missed="0" covered="1"/><counter type="METHOD" missed="0" covered="1"/></method><method name="add" desc="(II)I" line="6"><counter type="INSTRUCTION" missed="0" covered="4"/><counter type="LINE" missed="0" covered="1"/><counter type="COMPLEXITY" missed="0" covered="1"/><counter type="METHOD" missed="0" covered="1"/></method><method name="sub" desc="(II)I" line="10"><counter type="INSTRUCTION" missed="0" covered="4"/><counter type="LINE" missed="0" covered="1"/><counter type="COMPLEXITY" missed="0" covered="1"/><counter type="METHOD" missed="0" covered="1"/></method><method name="mul" desc="(II)I" line="14"><counter type="INSTRUCTION" missed="0" covered="4"/><counter type="LINE" missed="0" covered="1"/><counter type="COMPLEXITY" missed="0" covered="1"/><counter type="METHOD" missed="0" covered="1"/></method><method name="div" desc="(II)I" line="18"><counter type="INSTRUCTION" missed="0" covered="4"/><counter type="LINE" missed="0" covered="1"/><counter type="COMPLEXITY" missed="0" covered="1"/><counter type="METHOD" missed="0" covered="1"/></method><counter type="INSTRUCTION" missed="0" covered="19"/><counter type="LINE" missed="0" covered="5"/><counter type="COMPLEXITY" missed="0" covered="5"/><counter type="METHOD" missed="0" covered="5"/><counter type="CLASS" missed="0" covered="1"/></class><class name="com/KGiSL/junit/App" sourcefilename="App.java"><method name="&lt;init&gt;" desc="()V" line="7"><counter type="INSTRUCTION" missed="3" covered="0"/><counter type="LINE" missed="1" covered="0"/><counter type="COMPLEXITY" missed="1" covered="0"/><counter type="METHOD" missed="1" covered="0"/></method><method name="main" desc="([Ljava/lang/String;)V" line="11"><counter type="INSTRUCTION" missed="4" covered="0"/><counter type="LINE" missed="2" covered="0"/><counter type="COMPLEXITY" missed="1" covered="0"/><counter type="METHOD" missed="1" covered="0"/></method><counter type="INSTRUCTION" missed="7" covered="0"/><counter type="LINE" missed="3" covered="0"/><counter type="COMPLEXITY" missed="2" covered="0"/><counter type="METHOD" missed="2" covered="0"/><counter type="CLASS" missed="1" covered="0"/></class><sourcefile name="Calculator.java"><line nr="3" mi="0" ci="3" mb="0" cb="0"/><line nr="6" mi="0" ci="4" mb="0" cb="0"/><line nr="10" mi="0" ci="4" mb="0" cb="0"/><line nr="14" mi="0" ci="4" mb="0" cb="0"/><line nr="18" mi="0" ci="4" mb="0" cb="0"/><counter type="INSTRUCTION" missed="0" covered="19"/><counter type="LINE" missed="0" covered="5"/><counter type="COMPLEXITY" missed="0" covered="5"/><counter type="METHOD" missed="0" covered="5"/><counter type="CLASS" missed="0" covered="1"/></sourcefile><sourcefile name="App.java"><line nr="7" mi="3" ci="0" mb="0" cb="0"/><line nr="11" mi="3" ci="0" mb="0" cb="0"/><line nr="12" mi="1" ci="0" mb="0" cb="0"/><counter type="INSTRUCTION" missed="7" covered="0"/><counter type="LINE" missed="3" covered="0"/><counter type="COMPLEXITY" missed="2" covered="0"/><counter type="METHOD" missed="2" covered="0"/><counter type="CLASS" missed="1" covered="0"/></sourcefile><counter type="INSTRUCTION" missed="7" covered="19"/><counter type="LINE" missed="3" covered="5"/><counter type="COMPLEXITY" missed="2" covered="5"/><counter type="METHOD" missed="2" covered="5"/><counter type="CLASS" missed="1" covered="1"/></package><counter type="INSTRUCTION" missed="7" covered="19"/><counter type="LINE" missed="3" covered="5"/><counter type="COMPLEXITY" missed="2" covered="5"/><counter type="METHOD" missed="2" covered="5"/><counter type="CLASS" missed="1" covered="1"/></report>