<?xml version="1.0" encoding="UTF-8"?>
<testsuite xmlns:xsi="http://www.w3.org/2001/XMLSchema-instance" xsi:noNamespaceSchemaLocation="https://maven.apache.org/surefire/maven-surefire-plugin/xsd/surefire-test-report-3.0.xsd" version="3.0" name="com.KGiSL.junit.AppTest" time="5.099" tests="12" errors="1" skipped="1" failures="0">
  <properties>
[...]
</properties>
  <testcase name="testWithTimeout" classname="com.KGiSL.junit.AppTest" time="5.04">
    <error message="testWithTimeout() timed out after 5 seconds" type="java.util.concurrent.TimeoutException">java.util.concurrent.TimeoutException: testWithTimeout() timed out after 5 seconds
</error>
    <system-out><![CDATA[Before each test: testWithTimeout()
After each test
]]></system-out>
    <system-err><![CDATA[Dec 11, 2023 1:55:39 PM org.junit.jupiter.engine.discovery.MethodSelectorResolver resolve
WARNING: Possible configuration error: method [void com.KGiSL.junit.AppTest.testMethod1()] resulted in multiple TestDescriptors [org.junit.jupiter.engine.descriptor.TestTemplateTestDescriptor, org.junit.jupiter.engine.descriptor.TestMethodTestDescriptor]. This is typically the result of annotating a method with multiple competing annotations such as @Test, @RepeatedTest, @ParameterizedTest, @TestFactory, etc.
Dec 11, 2023 1:55:40 PM org.junit.jupiter.engine.discovery.MethodSelectorResolver resolve
WARNING: Possible configuration error: method [void com.KGiSL.junit.AppTest.testMethod1()] resulted in multiple TestDescriptors [org.junit.jupiter.engine.descriptor.TestTemplateTestDescriptor, org.junit.jupiter.engine.descriptor.TestMethodTestDescriptor]. This is typically the result of annotating a method with multiple competing annotations such as @Test, @RepeatedTest, @ParameterizedTest, @TestFactory, etc.
]]></system-err>
  </testcase>
  <testcase name="disabledTest" classname="com.KGiSL.junit.AppTest" time="0">
    <skipped message="This test is disabled for now"/>
  </testcase>
  <testcase name="testMethod1" classname="com.KGiSL.junit.AppTest" time="0.014"/>
  <testcase name="testMethod1[1]" classname="com.KGiSL.junit.AppTest" time="0"/>
  <testcase name="testMethod1[2]" classname="com.KGiSL.junit.AppTest" time="0.012"/>
  <testcase name="testMethod1[3]" classname="com.KGiSL.junit.AppTest" time="0.002"/>
  <testcase name="testMethod1[4]" classname="com.KGiSL.junit.AppTest" time="0"/>
  <testcase name="testMethod1[5]" classname="com.KGiSL.junit.AppTest" time="0"/>
  <testcase name="testMethod2" classname="com.KGiSL.junit.AppTest" time="0"/>
  <testcase name="testMethod3" classname="com.KGiSL.junit.AppTest" time="0"/>
  <testcase name="nestedTestMethod2" classname="com.KGiSL.junit.AppTest$NestedTestClass" time="0.001"/>
  <testcase name="nestedTestMethod1" classname="com.KGiSL.junit.AppTest$NestedTestClass" time="0"/>
</testsuite>